<?xml version="1.0" encoding="UTF-8"?>
<!-- Generated by org.testng.reporters.JUnitXMLReporter -->
<testsuite ignored="0" hostname="LAPTOP-3BML8FHO" failures="0" tests="5" name="Default test" time="0.054" errors="0" timestamp="2024-12-15T19:07:42 IST">
  <testcase classname="TestNg.Keyword_InvocationCount" name="tc1" time="0.006"/>
  <testcase classname="TestNg.Keyword_InvocationCount" name="tc1" time="0.002"/>
  <testcase classname="TestNg.Keyword_InvocationCount" name="tc1" time="0.001"/>
  <testcase classname="TestNg.Keyword_InvocationCount" name="tc1" time="0.001"/>
  <testcase classname="TestNg.Keyword_InvocationCount" name="tc1" time="0.001"/>
</testsuite> <!-- Default test -->
