<?xml version="1.0" encoding="UTF-8"?>
<!-- Generated by org.testng.reporters.JUnitXMLReporter -->
<testsuite ignored="2" hostname="LAPTOP-3BML8FHO" failures="0" tests="4" name="Test" time="0.057" errors="0" timestamp="2024-11-21T13:41:29 IST">
  <testcase classname="TestNg.Group1" name="tc1" time="0.007"/>
  <testcase classname="TestNg.Group1" name="tc2" time="0.001"/>
  <testcase classname="TestNg.Group2" name="tc4" time="0.002"/>
  <testcase classname="TestNg.Group2" name="tc5" time="0.001"/>
  <testcase classname="TestNg.Group1" name="tc3" time="0.0">
    <ignored/>
  </testcase> <!-- tc3 -->
  <testcase classname="TestNg.Group2" name="tc6" time="0.0">
    <ignored/>
  </testcase> <!-- tc6 -->
</testsuite> <!-- Test -->
