<?xml version="1.0" encoding="UTF-8"?>
<!-- Generated by org.testng.reporters.JUnitXMLReporter -->
<testsuite ignored="0" hostname="LAPTOP-3BML8FHO" failures="1" tests="1" name="Test(failed)" time="0.036" errors="0" timestamp="2024-11-19T16:44:39 IST">
  <testcase classname="TestNg.TestClass2" name="tc2" time="0.006">
    <failure type="java.lang.Error" message="Unresolved compilation problem: 
	Syntax error, insert &amp;quot;;&amp;quot; to complete BlockStatements
">
      <![CDATA[java.lang.Error: Unresolved compilation problem: 
Syntax error, insert ";" to complete BlockStatements

at TestNg.TestClass2.tc2(TestClass2.java:11)
at java.base/java.util.ArrayList.forEach(ArrayList.java:1541)
... Removed 27 stack frames]]>
    </failure>
  </testcase> <!-- tc2 -->
</testsuite> <!-- Test(failed) -->
