<?xml version="1.0" encoding="UTF-8"?>
<testng-results ignored="0" total="5" passed="5" failed="0" skipped="0">
  <reporter-output>
    <line>
      <![CDATA[running test case 1]]>
    </line>
    <line>
      <![CDATA[running test case 1]]>
    </line>
    <line>
      <![CDATA[running test case 1]]>
    </line>
    <line>
      <![CDATA[running test case 1]]>
    </line>
    <line>
      <![CDATA[running test case 1]]>
    </line>
  </reporter-output>
  <suite started-at="2024-12-15T19:07:42 IST" name="Default suite" finished-at="2024-12-15T19:07:42 IST" duration-ms="54">
    <groups>
    </groups>
    <test started-at="2024-12-15T19:07:42 IST" name="Default test" finished-at="2024-12-15T19:07:42 IST" duration-ms="54">
      <class name="TestNg.Keyword_InvocationCount">
        <test-method signature="tc1()[pri:0, instance:TestNg.Keyword_InvocationCount@57af006c]" started-at="2024-12-15T19:07:42 IST" name="tc1" finished-at="2024-12-15T19:07:42 IST" duration-ms="6" status="PASS">
          <reporter-output>
            <line>
              <![CDATA[running test case 1]]>
            </line>
          </reporter-output>
        </test-method> <!-- tc1 -->
        <test-method signature="tc1()[pri:0, instance:TestNg.Keyword_InvocationCount@57af006c]" started-at="2024-12-15T19:07:42 IST" name="tc1" finished-at="2024-12-15T19:07:42 IST" duration-ms="2" status="PASS">
          <reporter-output>
            <line>
              <![CDATA[running test case 1]]>
            </line>
          </reporter-output>
        </test-method> <!-- tc1 -->
        <test-method signature="tc1()[pri:0, instance:TestNg.Keyword_InvocationCount@57af006c]" started-at="2024-12-15T19:07:42 IST" name="tc1" finished-at="2024-12-15T19:07:42 IST" duration-ms="1" status="PASS">
          <reporter-output>
            <line>
              <![CDATA[running test case 1]]>
            </line>
          </reporter-output>
        </test-method> <!-- tc1 -->
        <test-method signature="tc1()[pri:0, instance:TestNg.Keyword_InvocationCount@57af006c]" started-at="2024-12-15T19:07:42 IST" name="tc1" finished-at="2024-12-15T19:07:42 IST" duration-ms="1" status="PASS">
          <reporter-output>
            <line>
              <![CDATA[running test case 1]]>
            </line>
          </reporter-output>
        </test-method> <!-- tc1 -->
        <test-method signature="tc1()[pri:0, instance:TestNg.Keyword_InvocationCount@57af006c]" started-at="2024-12-15T19:07:42 IST" name="tc1" finished-at="2024-12-15T19:07:42 IST" duration-ms="1" status="PASS">
          <reporter-output>
            <line>
              <![CDATA[running test case 1]]>
            </line>
          </reporter-output>
        </test-method> <!-- tc1 -->
      </class> <!-- TestNg.Keyword_InvocationCount -->
    </test> <!-- Default test -->
  </suite> <!-- Default suite -->
</testng-results>
